#
# There is insufficient memory for the Java Runtime Environment to continue.
# Native memory allocation (malloc) failed to allocate 888816 bytes for Chunk::new
# Possible reasons:
#   The system is out of physical RAM or swap space
#   The process is running with CompressedOops enabled, and the Java Heap may be blocking the growth of the native heap
# Possible solutions:
#   Reduce memory load on the system
#   Increase physical memory or swap space
#   Check if swap backing store is full
#   Decrease Java heap size (-Xmx/-Xms)
#   Decrease number of Java threads
#   Decrease Java thread stack sizes (-Xss)
#   Set larger code cache with -XX:ReservedCodeCacheSize=
#   JVM is running with Zero Based Compressed Oops mode in which the Java heap is
#     placed in the first 32GB address space. The Java Heap base address is the
#     maximum limit for the native heap growth. Please use -XX:HeapBaseMinAddress
#     to set the Java Heap base and to place the Java Heap above 32GB virtual address.
# This output file may be truncated or incomplete.
#
#  Out of Memory Error (allocation.cpp:389), pid=20956, tid=0x00000000000063b4
#
# JRE version: Java(TM) SE Runtime Environment (8.0_231-b11) (build 1.8.0_231-b11)
# Java VM: Java HotSpot(TM) 64-Bit Server VM (25.231-b11 mixed mode windows-amd64 compressed oops)
# Failed to write core dump. Minidumps are not enabled by default on client versions of Windows
#

---------------  T H R E A D  ---------------

Current thread (0x000000001dada000):  JavaThread "C2 CompilerThread0" daemon [_thread_in_native, id=25524, stack(0x000000001ede0000,0x000000001eee0000)]

Stack: [0x000000001ede0000,0x000000001eee0000]
[error occurred during error reporting (printing stack bounds), id 0xc0000005]

Native frames: (J=compiled Java code, j=interpreted, Vv=VM code, C=native code)


Current CompileTask:
C2:   3768 1747       4       org.json.JSONObject::<init> (213 bytes)


---------------  P R O C E S S  ---------------

Java Threads: ( => current thread )
  0x00000000215e8800 JavaThread "I/O dispatcher 63" [_thread_in_native, id=32276, stack(0x00000000293c0000,0x00000000294c0000)]
  0x00000000215ea000 JavaThread "I/O dispatcher 62" [_thread_in_native, id=30068, stack(0x00000000292c0000,0x00000000293c0000)]
  0x00000000215e8000 JavaThread "I/O dispatcher 59" [_thread_in_native, id=36848, stack(0x00000000291c0000,0x00000000292c0000)]
  0x00000000215eb800 JavaThread "I/O dispatcher 53" [_thread_in_native, id=11048, stack(0x00000000290c0000,0x00000000291c0000)]
  0x00000000215e7000 JavaThread "I/O dispatcher 41" [_thread_in_native, id=7292, stack(0x0000000028fc0000,0x00000000290c0000)]
  0x00000000215eb000 JavaThread "I/O dispatcher 39" [_thread_in_native, id=7812, stack(0x0000000028ec0000,0x0000000028fc0000)]
  0x00000000216c5000 JavaThread "I/O dispatcher 37" [_thread_in_native, id=30016, stack(0x0000000028dc0000,0x0000000028ec0000)]
  0x00000000216c6800 JavaThread "I/O dispatcher 33" [_thread_in_native, id=29048, stack(0x0000000028cc0000,0x0000000028dc0000)]
  0x00000000216a1000 JavaThread "I/O dispatcher 51" [_thread_in_native, id=29716, stack(0x00000000277c0000,0x00000000278c0000)]
  0x00000000216a4800 JavaThread "I/O dispatcher 50" [_thread_in_native, id=22532, stack(0x00000000276c0000,0x00000000277c0000)]
  0x00000000216a0800 JavaThread "I/O dispatcher 49" [_thread_in_native, id=32684, stack(0x00000000275c0000,0x00000000276c0000)]
  0x00000000216a6000 JavaThread "I/O dispatcher 48" [_thread_in_native, id=29372, stack(0x00000000274c0000,0x00000000275c0000)]
  0x00000000216a3800 JavaThread "I/O dispatcher 47" [_thread_in_native, id=34324, stack(0x00000000273c0000,0x00000000274c0000)]
  0x00000000216a6800 JavaThread "I/O dispatcher 46" [_thread_in_native, id=23396, stack(0x00000000272c0000,0x00000000273c0000)]
  0x00000000216a2800 JavaThread "I/O dispatcher 45" [_thread_in_native, id=37184, stack(0x00000000271c0000,0x00000000272c0000)]
  0x00000000216a7800 JavaThread "I/O dispatcher 44" [_thread_in_native, id=33508, stack(0x00000000270c0000,0x00000000271c0000)]
  0x00000000216a5000 JavaThread "I/O dispatcher 31" [_thread_in_native, id=35164, stack(0x0000000026fc0000,0x00000000270c0000)]
  0x0000000021699000 JavaThread "I/O dispatcher 29" [_thread_in_native, id=25816, stack(0x0000000026ec0000,0x0000000026fc0000)]
  0x000000002169f800 JavaThread "I/O dispatcher 28" [_thread_in_native, id=28800, stack(0x0000000026dc0000,0x0000000026ec0000)]
  0x0000000021698000 JavaThread "I/O dispatcher 25" [_thread_in_native, id=26320, stack(0x0000000026cc0000,0x0000000026dc0000)]
  0x000000002169d800 JavaThread "I/O dispatcher 23" [_thread_in_native, id=21312, stack(0x0000000026bc0000,0x0000000026cc0000)]
  0x000000002169c800 JavaThread "I/O dispatcher 21" [_thread_in_native, id=31752, stack(0x0000000026ac0000,0x0000000026bc0000)]
  0x000000002169b000 JavaThread "I/O dispatcher 19" [_thread_in_native, id=24828, stack(0x00000000269c0000,0x0000000026ac0000)]
  0x000000002169c000 JavaThread "I/O dispatcher 32" [_thread_in_native, id=13644, stack(0x00000000268c0000,0x00000000269c0000)]
  0x000000002169f000 JavaThread "I/O dispatcher 30" [_thread_in_native, id=33632, stack(0x00000000267c0000,0x00000000268c0000)]
  0x000000002169e000 JavaThread "I/O dispatcher 27" [_thread_in_native, id=18964, stack(0x00000000266c0000,0x00000000267c0000)]
  0x000000002169a800 JavaThread "I/O dispatcher 26" [_thread_in_native, id=14436, stack(0x00000000265c0000,0x00000000266c0000)]
  0x0000000021699800 JavaThread "I/O dispatcher 24" [_thread_in_native, id=23312, stack(0x00000000264c0000,0x00000000265c0000)]
  0x0000000021130800 JavaThread "I/O dispatcher 22" [_thread_in_native, id=4020, stack(0x00000000263c0000,0x00000000264c0000)]
  0x0000000021130000 JavaThread "I/O dispatcher 20" [_thread_in_native, id=28232, stack(0x00000000262c0000,0x00000000263c0000)]
  0x0000000021132000 JavaThread "I/O dispatcher 18" [_thread_in_native, id=36476, stack(0x00000000261c0000,0x00000000262c0000)]
  0x000000002112f000 JavaThread "I/O dispatcher 17" [_thread_in_native, id=29616, stack(0x00000000260c0000,0x00000000261c0000)]
  0x0000000021124000 JavaThread "pool-11-thread-1" [_thread_in_native, id=15432, stack(0x00000000258c0000,0x00000000259c0000)]
  0x000000002112a800 JavaThread "pool-10-thread-1" [_thread_in_native, id=31448, stack(0x00000000257c0000,0x00000000258c0000)]
  0x0000000021126000 JavaThread "pool-9-thread-1" [_thread_in_native, id=17416, stack(0x00000000256c0000,0x00000000257c0000)]
  0x0000000021123000 JavaThread "pool-8-thread-1" [_thread_in_native, id=37064, stack(0x00000000255c0000,0x00000000256c0000)]
  0x0000000021185000 JavaThread "pool-1-thread-7" [_thread_blocked, id=20980, stack(0x00000000248c0000,0x00000000249c0000)]
  0x0000000021184800 JavaThread "pool-1-thread-6" [_thread_in_Java, id=19480, stack(0x00000000247c0000,0x00000000248c0000)]
  0x0000000021183000 JavaThread "pool-1-thread-5" [_thread_blocked, id=40932, stack(0x00000000246c0000,0x00000000247c0000)]
  0x0000000021183800 JavaThread "pool-1-thread-4" [_thread_blocked, id=15644, stack(0x00000000245c0000,0x00000000246c0000)]
  0x000000001db93000 JavaThread "Service Thread" daemon [_thread_blocked, id=40256, stack(0x000000001f1e0000,0x000000001f2e0000)]
  0x000000001daf3800 JavaThread "C1 CompilerThread3" daemon [_thread_blocked, id=38876, stack(0x000000001f0e0000,0x000000001f1e0000)]
  0x000000001daf0800 JavaThread "C2 CompilerThread2" daemon [_thread_in_native, id=19928, stack(0x000000001efe0000,0x000000001f0e0000)]
  0x000000001dae0000 JavaThread "C2 CompilerThread1" daemon [_thread_in_native, id=37352, stack(0x000000001eee0000,0x000000001efe0000)]
=>0x000000001dada000 JavaThread "C2 CompilerThread0" daemon [_thread_in_native, id=25524, stack(0x000000001ede0000,0x000000001eee0000)]
  0x000000001dad5000 JavaThread "Attach Listener" daemon [_thread_blocked, id=13376, stack(0x000000001ece0000,0x000000001ede0000)]
  0x000000001dad4000 JavaThread "Signal Dispatcher" daemon [_thread_blocked, id=9808, stack(0x000000001ebe0000,0x000000001ece0000)]
  0x000000001d997800 JavaThread "Finalizer" daemon [_thread_blocked, id=19340, stack(0x000000001e9d0000,0x000000001ead0000)]
  0x000000001c702000 JavaThread "Reference Handler" daemon [_thread_blocked, id=34136, stack(0x000000001e8d0000,0x000000001e9d0000)]
  0x0000000002bf3800 JavaThread "main" [_thread_in_Java, id=36888, stack(0x0000000002ae0000,0x0000000002be0000)]

Other Threads:
  0x000000001c6ef800 VMThread [stack: 0x000000001e7d0000,0x000000001e8d0000] [id=39016]
  0x000000001dbbb000 WatcherThread [stack: 0x000000001f2e0000,0x000000001f3e0000] [id=40892]

VM state:not at safepoint (normal execution)

VM Mutex/Monitor currently owned by a thread: None

OutOfMemory and StackOverflow Exception counts:
OutOfMemoryError java_heap_errors=11

heap address: 0x00000006c2200000, size: 4062 MB, Compressed Oops mode: Zero based, Oop shift amount: 3
Narrow klass base: 0x0000000000000000, Narrow klass shift: 3
Compressed class space size: 1073741824 Address: 0x00000007c0000000

Heap:
 PSYoungGen      total 140800K, used 12612K [0x000000076b600000, 0x0000000774a00000, 0x00000007c0000000)
  eden space 130048K, 9% used [0x000000076b600000,0x000000076c251170,0x0000000773500000)
  from space 10752K, 0% used [0x0000000773f80000,0x0000000773f80000,0x0000000774a00000)
  to   space 10752K, 0% used [0x0000000773500000,0x0000000773500000,0x0000000773f80000)
 ParOldGen       total 173568K, used 74737K [0x00000006c2200000, 0x00000006ccb80000, 0x000000076b600000)
  object space 173568K, 43% used [0x00000006c2200000,0x00000006c6afc738,0x00000006ccb80000)
 Metaspace       used 11334K, capacity 11548K, committed 11776K, reserved 1058816K
  class space    used 1323K, capacity 1410K, committed 1536K, reserved 1048576K

Card table byte_map: [0x00000000120a0000,0x0000000012890000] byte_map_base: 0x000000000ea8f000

Marking Bits: (ParMarkBitMap*) 0x0000000055db6d90
 Begin Bits: [0x00000000135e0000, 0x0000000017558000)
 End Bits:   [0x0000000017558000, 0x000000001b4d0000)

Polling page: 0x0000000002990000

CodeCache: size=245760Kb used=6254Kb max_used=6266Kb free=239505Kb
 bounds [0x0000000002ce0000, 0x0000000003310000, 0x0000000011ce0000]
 total_blobs=2125 nmethods=1748 adapters=290
 compilation: enabled

Compilation events (10 events):
Event: 3.647 Thread 0x000000001dada000 1744       4       java.lang.String::trim (77 bytes)
Event: 3.649 Thread 0x000000001dada000 nmethod 1744 0x00000000032d6150 code [0x00000000032d62a0, 0x00000000032d6448]
Event: 3.663 Thread 0x000000001dae0000 1745   !   4       org.json.JSONObject::stringToValue (150 bytes)
Event: 3.663 Thread 0x000000001dada000 1746       4       java.util.HashMap::resize (359 bytes)
Event: 3.669 Thread 0x000000001dada000 nmethod 1746 0x00000000032e0250 code [0x00000000032e03e0, 0x00000000032e0978]
Event: 3.670 Thread 0x000000001dada000 1747       4       org.json.JSONObject::<init> (213 bytes)
Event: 3.756 Thread 0x000000001dae0000 nmethod 1745 0x0000000003300510 code [0x00000000033007c0, 0x0000000003303478]
Event: 3.757 Thread 0x000000001dae0000 1748       4       java.lang.Long::parseLong (272 bytes)
Event: 3.764 Thread 0x000000001dae0000 nmethod 1748 0x00000000032fda50 code [0x00000000032fdba0, 0x00000000032fe1d8]
Event: 3.764 Thread 0x000000001dae0000 1749       4       org.json.JSONObject::isDecimalNotation (45 bytes)

GC Heap History (10 events):
Event: 2.746 GC heap before
{Heap before GC invocations=5 (full 0):
 PSYoungGen      total 140800K, used 137061K [0x000000076b600000, 0x0000000774a00000, 0x00000007c0000000)
  eden space 130048K, 100% used [0x000000076b600000,0x0000000773500000,0x0000000773500000)
  from space 10752K, 65% used [0x0000000773f80000,0x0000000774659770,0x0000000774a00000)
  to   space 10752K, 0% used [0x0000000773500000,0x0000000773500000,0x0000000773f80000)
 ParOldGen       total 173568K, used 38346K [0x00000006c2200000, 0x00000006ccb80000, 0x000000076b600000)
  object space 173568K, 22% used [0x00000006c2200000,0x00000006c47729a8,0x00000006ccb80000)
 Metaspace       used 11279K, capacity 11548K, committed 11776K, reserved 1058816K
  class space    used 1322K, capacity 1410K, committed 1536K, reserved 1048576K
Event: 2.760 GC heap after
Heap after GC invocations=5 (full 0):
 PSYoungGen      total 140800K, used 6992K [0x000000076b600000, 0x0000000774a00000, 0x00000007c0000000)
  eden space 130048K, 0% used [0x000000076b600000,0x000000076b600000,0x0000000773500000)
  from space 10752K, 65% used [0x0000000773500000,0x0000000773bd4290,0x0000000773f80000)
  to   space 10752K, 0% used [0x0000000773f80000,0x0000000773f80000,0x0000000774a00000)
 ParOldGen       total 173568K, used 96377K [0x00000006c2200000, 0x00000006ccb80000, 0x000000076b600000)
  object space 173568K, 55% used [0x00000006c2200000,0x00000006c801e720,0x00000006ccb80000)
 Metaspace       used 11279K, capacity 11548K, committed 11776K, reserved 1058816K
  class space    used 1322K, capacity 1410K, committed 1536K, reserved 1048576K
}
Event: 3.153 GC heap before
{Heap before GC invocations=6 (full 0):
 PSYoungGen      total 140800K, used 137040K [0x000000076b600000, 0x0000000774a00000, 0x00000007c0000000)
  eden space 130048K, 100% used [0x000000076b600000,0x0000000773500000,0x0000000773500000)
  from space 10752K, 65% used [0x0000000773500000,0x0000000773bd4290,0x0000000773f80000)
  to   space 10752K, 0% used [0x0000000773f80000,0x0000000773f80000,0x0000000774a00000)
 ParOldGen       total 173568K, used 96377K [0x00000006c2200000, 0x00000006ccb80000, 0x000000076b600000)
  object space 173568K, 55% used [0x00000006c2200000,0x00000006c801e720,0x00000006ccb80000)
 Metaspace       used 11300K, capacity 11548K, committed 11776K, reserved 1058816K
  class space    used 1322K, capacity 1410K, committed 1536K, reserved 1048576K
Event: 3.169 GC heap after
Heap after GC invocations=6 (full 0):
 PSYoungGen      total 140800K, used 6877K [0x000000076b600000, 0x0000000774a00000, 0x00000007c0000000)
  eden space 130048K, 0% used [0x000000076b600000,0x000000076b600000,0x0000000773500000)
  from space 10752K, 63% used [0x0000000773f80000,0x0000000774637760,0x0000000774a00000)
  to   space 10752K, 0% used [0x0000000773500000,0x0000000773500000,0x0000000773f80000)
 ParOldGen       total 173568K, used 154786K [0x00000006c2200000, 0x00000006ccb80000, 0x000000076b600000)
  object space 173568K, 89% used [0x00000006c2200000,0x00000006cb928a08,0x00000006ccb80000)
 Metaspace       used 11300K, capacity 11548K, committed 11776K, reserved 1058816K
  class space    used 1322K, capacity 1410K, committed 1536K, reserved 1048576K
}
Event: 3.169 GC heap before
{Heap before GC invocations=7 (full 1):
 PSYoungGen      total 140800K, used 6877K [0x000000076b600000, 0x0000000774a00000, 0x00000007c0000000)
  eden space 130048K, 0% used [0x000000076b600000,0x000000076b600000,0x0000000773500000)
  from space 10752K, 63% used [0x0000000773f80000,0x0000000774637760,0x0000000774a00000)
  to   space 10752K, 0% used [0x0000000773500000,0x0000000773500000,0x0000000773f80000)
 ParOldGen       total 173568K, used 154786K [0x00000006c2200000, 0x00000006ccb80000, 0x000000076b600000)
  object space 173568K, 89% used [0x00000006c2200000,0x00000006cb928a08,0x00000006ccb80000)
 Metaspace       used 11300K, capacity 11548K, committed 11776K, reserved 1058816K
  class space    used 1322K, capacity 1410K, committed 1536K, reserved 1048576K
Event: 3.201 GC heap after
Heap after GC invocations=7 (full 1):
 PSYoungGen      total 140800K, used 0K [0x000000076b600000, 0x0000000774a00000, 0x00000007c0000000)
  eden space 130048K, 0% used [0x000000076b600000,0x000000076b600000,0x0000000773500000)
  from space 10752K, 0% used [0x0000000773f80000,0x0000000773f80000,0x0000000774a00000)
  to   space 10752K, 0% used [0x0000000773500000,0x0000000773500000,0x0000000773f80000)
 ParOldGen       total 173568K, used 151827K [0x00000006c2200000, 0x00000006ccb80000, 0x000000076b600000)
  object space 173568K, 87% used [0x00000006c2200000,0x00000006cb644d48,0x00000006ccb80000)
 Metaspace       used 11300K, capacity 11548K, committed 11776K, reserved 1058816K
  class space    used 1322K, capacity 1410K, committed 1536K, reserved 1048576K
}
Event: 3.506 GC heap before
{Heap before GC invocations=8 (full 2):
 PSYoungGen      total 140800K, used 113344K [0x000000076b600000, 0x0000000774a00000, 0x00000007c0000000)
  eden space 130048K, 87% used [0x000000076b600000,0x00000007724b03d8,0x0000000773500000)
  from space 10752K, 0% used [0x0000000773f80000,0x0000000773f80000,0x0000000774a00000)
  to   space 10752K, 0% used [0x0000000773500000,0x0000000773500000,0x0000000773f80000)
 ParOldGen       total 173568K, used 151827K [0x00000006c2200000, 0x00000006ccb80000, 0x000000076b600000)
  object space 173568K, 87% used [0x00000006c2200000,0x00000006cb644d48,0x00000006ccb80000)
 Metaspace       used 11303K, capacity 11548K, committed 11776K, reserved 1058816K
  class space    used 1323K, capacity 1410K, committed 1536K, reserved 1048576K
Event: 3.548 GC heap after
Heap after GC invocations=8 (full 2):
 PSYoungGen      total 140800K, used 0K [0x000000076b600000, 0x0000000774a00000, 0x00000007c0000000)
  eden space 130048K, 0% used [0x000000076b600000,0x000000076b600000,0x0000000773500000)
  from space 10752K, 0% used [0x0000000773f80000,0x0000000773f80000,0x0000000774a00000)
  to   space 10752K, 0% used [0x0000000773500000,0x0000000773500000,0x0000000773f80000)
 ParOldGen       total 173568K, used 151794K [0x00000006c2200000, 0x00000006ccb80000, 0x000000076b600000)
  object space 173568K, 87% used [0x00000006c2200000,0x00000006cb63c998,0x00000006ccb80000)
 Metaspace       used 11303K, capacity 11548K, committed 11776K, reserved 1058816K
  class space    used 1323K, capacity 1410K, committed 1536K, reserved 1048576K
}
Event: 3.728 GC heap before
{Heap before GC invocations=9 (full 3):
 PSYoungGen      total 140800K, used 130048K [0x000000076b600000, 0x0000000774a00000, 0x00000007c0000000)
  eden space 130048K, 100% used [0x000000076b600000,0x0000000773500000,0x0000000773500000)
  from space 10752K, 0% used [0x0000000773f80000,0x0000000773f80000,0x0000000774a00000)
  to   space 10752K, 0% used [0x0000000773500000,0x0000000773500000,0x0000000773f80000)
 ParOldGen       total 173568K, used 151794K [0x00000006c2200000, 0x00000006ccb80000, 0x000000076b600000)
  object space 173568K, 87% used [0x00000006c2200000,0x00000006cb63c998,0x00000006ccb80000)
 Metaspace       used 11334K, capacity 11548K, committed 11776K, reserved 1058816K
  class space    used 1323K, capacity 1410K, committed 1536K, reserved 1048576K
Event: 3.754 GC heap after
Heap after GC invocations=9 (full 3):
 PSYoungGen      total 140800K, used 0K [0x000000076b600000, 0x0000000774a00000, 0x00000007c0000000)
  eden space 130048K, 0% used [0x000000076b600000,0x000000076b600000,0x0000000773500000)
  from space 10752K, 0% used [0x0000000773f80000,0x0000000773f80000,0x0000000774a00000)
  to   space 10752K, 0% used [0x0000000773500000,0x0000000773500000,0x0000000773f80000)
 ParOldGen       total 173568K, used 74737K [0x00000006c2200000, 0x00000006ccb80000, 0x000000076b600000)
  object space 173568K, 43% used [0x00000006c2200000,0x00000006c6afc738,0x00000006ccb80000)
 Metaspace       used 11334K, capacity 11548K, committed 11776K, reserved 1058816K
  class space    used 1323K, capacity 1410K, committed 1536K, reserved 1048576K
}

Deoptimization events (10 events):
Event: 2.199 Thread 0x0000000021132000 Uncommon trap: reason=unstable_if action=reinterpret pc=0x000000000320a9c4 method=org.apache.http.impl.nio.conn.Wire.wire(Ljava/lang/String;[BII)V @ 31
Event: 2.510 Thread 0x00000000216c6800 Uncommon trap: reason=unstable_if action=reinterpret pc=0x0000000003229d60 method=org.apache.http.impl.nio.conn.Wire.wire(Ljava/lang/String;[BII)V @ 189
Event: 2.578 Thread 0x0000000021180000 Uncommon trap: reason=unstable_if action=reinterpret pc=0x0000000003243b9c method=org.apache.log4j.spi.LoggingEvent.<init>(Ljava/lang/String;Lorg/apache/log4j/Category;Lorg/apache/log4j/Priority;Ljava/lang/Object;Ljava/lang/Throwable;)V @ 45
Event: 2.581 Thread 0x0000000021186800 Uncommon trap: reason=unstable_if action=reinterpret pc=0x000000000323e6a0 method=org.apache.log4j.spi.LoggingEvent.<init>(Ljava/lang/String;Lorg/apache/log4j/Category;Lorg/apache/log4j/Priority;Ljava/lang/Object;Ljava/lang/Throwable;)V @ 45
Event: 2.581 Thread 0x0000000021180000 Uncommon trap: reason=unstable_if action=reinterpret pc=0x00000000030a9bdc method=java.util.concurrent.ConcurrentHashMap.addCount(JI)V @ 121
Event: 2.581 Thread 0x0000000021182000 Uncommon trap: reason=unstable_if action=reinterpret pc=0x0000000003222680 method=org.apache.log4j.spi.LoggingEvent.<init>(Ljava/lang/String;Lorg/apache/log4j/Category;Lorg/apache/log4j/Priority;Ljava/lang/Object;Ljava/lang/Throwable;)V @ 45
Event: 3.412 Thread 0x00000000216b8000 Uncommon trap: reason=unstable_if action=reinterpret pc=0x000000000326ed24 method=sun.nio.ch.WindowsSelectorImpl$SubSelector.processFDSet(J[IIZ)I @ 29
Event: 3.505 Thread 0x000000002112f000 Uncommon trap: reason=unstable_if action=reinterpret pc=0x000000000328d554 method=org.apache.http.impl.nio.codecs.LengthDelimitedDecoder.read(Ljava/nio/ByteBuffer;)I @ 158
Event: 3.548 Thread 0x000000001d997800 Uncommon trap: reason=unstable_if action=reinterpret pc=0x000000000323fcec method=java.util.HashMap.clear()V @ 23
Event: 3.571 Thread 0x0000000021184800 Uncommon trap: reason=unstable_if action=reinterpret pc=0x00000000032c6da8 method=java.lang.Character.isSurrogate(C)Z @ 3

Classes redefined (0 events):
No events

Internal exceptions (10 events):
Event: 2.580 Thread 0x00000000216ba800 Exception <a 'java/lang/OutOfMemoryError'> (0x000000076e26e850) thrown at [C:\re\workspace\8-2-build-windows-amd64-cygwin\jdk8u231\13620\hotspot\src\share\vm\prims\unsafe.cpp, line 618]
Event: 2.580 Thread 0x00000000216c3000 Exception <a 'java/lang/OutOfMemoryError'> (0x000000076e2b4f60) thrown at [C:\re\workspace\8-2-build-windows-amd64-cygwin\jdk8u231\13620\hotspot\src\share\vm\prims\unsafe.cpp, line 618]
Event: 2.685 Thread 0x00000000215f4000 Exception <a 'java/lang/OutOfMemoryError'> (0x00000007705727e8) thrown at [C:\re\workspace\8-2-build-windows-amd64-cygwin\jdk8u231\13620\hotspot\src\share\vm\prims\unsafe.cpp, line 618]
Event: 2.742 Thread 0x00000000217a5000 Exception <a 'java/lang/OutOfMemoryError'> (0x00000007727503f0) thrown at [C:\re\workspace\8-2-build-windows-amd64-cygwin\jdk8u231\13620\hotspot\src\share\vm\prims\unsafe.cpp, line 618]
Event: 2.785 Thread 0x00000000217a9000 Exception <a 'java/lang/OutOfMemoryError'> (0x000000076bbefea8) thrown at [C:\re\workspace\8-2-build-windows-amd64-cygwin\jdk8u231\13620\hotspot\src\share\vm\prims\unsafe.cpp, line 618]
Event: 2.855 Thread 0x00000000217ad800 Exception <a 'java/lang/OutOfMemoryError'> (0x000000076d21a3f0) thrown at [C:\re\workspace\8-2-build-windows-amd64-cygwin\jdk8u231\13620\hotspot\src\share\vm\prims\unsafe.cpp, line 618]
Event: 2.857 Thread 0x0000000021629800 Exception <a 'java/lang/OutOfMemoryError'> (0x000000076dbe6a88) thrown at [C:\re\workspace\8-2-build-windows-amd64-cygwin\jdk8u231\13620\hotspot\src\share\vm\prims\unsafe.cpp, line 618]
Event: 2.873 Thread 0x0000000021630000 Exception <a 'java/lang/OutOfMemoryError'> (0x000000076e8fa428) thrown at [C:\re\workspace\8-2-build-windows-amd64-cygwin\jdk8u231\13620\hotspot\src\share\vm\prims\unsafe.cpp, line 618]
Event: 2.885 Thread 0x00000000217da000 Exception <a 'java/lang/OutOfMemoryError'> (0x000000076f34b250) thrown at [C:\re\workspace\8-2-build-windows-amd64-cygwin\jdk8u231\13620\hotspot\src\share\vm\prims\unsafe.cpp, line 618]
Event: 2.887 Thread 0x00000000215f3000 Exception <a 'java/lang/OutOfMemoryError'> (0x000000076fd264b8) thrown at [C:\re\workspace\8-2-build-windows-amd64-cygwin\jdk8u231\13620\hotspot\src\share\vm\prims\unsafe.cpp, line 618]

Events (10 events):
Event: 3.594 Thread 0x0000000021184800 DEOPT PACKING pc=0x00000000032ce70b sp=0x00000000248beab0
Event: 3.594 Thread 0x0000000021184800 DEOPT UNPACKING pc=0x0000000002d27890 sp=0x00000000248be8b0 mode 0
Event: 3.594 Thread 0x0000000021184800 DEOPT PACKING pc=0x00000000032ce70b sp=0x00000000248beab0
Event: 3.594 Thread 0x0000000021184800 DEOPT UNPACKING pc=0x0000000002d27890 sp=0x00000000248be8b0 mode 0
Event: 3.594 Thread 0x0000000021184800 DEOPT PACKING pc=0x00000000032ce833 sp=0x00000000248beab0
Event: 3.594 Thread 0x0000000021184800 DEOPT UNPACKING pc=0x0000000002d27890 sp=0x00000000248be8b0 mode 0
Event: 3.594 Thread 0x0000000021184800 DEOPT PACKING pc=0x00000000032ce70b sp=0x00000000248beab0
Event: 3.594 Thread 0x0000000021184800 DEOPT UNPACKING pc=0x0000000002d27890 sp=0x00000000248be8b0 mode 0
Event: 3.728 Executing VM operation: ParallelGCFailedAllocation
Event: 3.754 Executing VM operation: ParallelGCFailedAllocation done


Dynamic libraries:
0x00007ff68e0f0000 - 0x00007ff68e127000 	C:\Program Files\Java\jre1.8.0_231\bin\javaw.exe
0x00007ff8776b0000 - 0x00007ff877891000 	C:\WINDOWS\SYSTEM32\ntdll.dll
0x00007ff874b30000 - 0x00007ff874be1000 	C:\WINDOWS\System32\KERNEL32.DLL
0x00007ff873ff0000 - 0x00007ff874263000 	C:\WINDOWS\System32\KERNELBASE.dll
0x00007ff8718f0000 - 0x00007ff87197b000 	C:\WINDOWS\SYSTEM32\apphelp.dll
0x00007ff8042d0000 - 0x00007ff80475f000 	C:\WINDOWS\SYSTEM32\AcLayers.DLL
0x00007ff876850000 - 0x00007ff8768ee000 	C:\WINDOWS\System32\msvcrt.dll
0x00007ff876f80000 - 0x00007ff877110000 	C:\WINDOWS\System32\USER32.dll
0x00007ff873d60000 - 0x00007ff873d80000 	C:\WINDOWS\System32\win32u.dll
0x00007ff876560000 - 0x00007ff876588000 	C:\WINDOWS\System32\GDI32.dll
0x00007ff873ac0000 - 0x00007ff873c51000 	C:\WINDOWS\System32\gdi32full.dll
0x00007ff873c60000 - 0x00007ff873cff000 	C:\WINDOWS\System32\msvcp_win.dll
0x00007ff874a30000 - 0x00007ff874b28000 	C:\WINDOWS\System32\ucrtbase.dll
0x00007ff877170000 - 0x00007ff8771c1000 	C:\WINDOWS\System32\SHLWAPI.dll
0x00007ff8768f0000 - 0x00007ff876c11000 	C:\WINDOWS\System32\combase.dll
0x00007ff8774a0000 - 0x00007ff8775c4000 	C:\WINDOWS\System32\RPCRT4.dll
0x00007ff873d80000 - 0x00007ff873df9000 	C:\WINDOWS\System32\bcryptPrimitives.dll
0x00007ff8699e0000 - 0x00007ff869a65000 	C:\WINDOWS\SYSTEM32\WINSPOOL.DRV
0x00007ff8739e0000 - 0x00007ff8739f1000 	C:\WINDOWS\System32\kernel.appcore.dll
0x00007ff86d000000 - 0x00007ff86d1b5000 	C:\WINDOWS\SYSTEM32\PROPSYS.dll
0x00007ff876490000 - 0x00007ff876552000 	C:\WINDOWS\System32\OLEAUT32.dll
0x00007ff876720000 - 0x00007ff8767c9000 	C:\WINDOWS\System32\shcore.dll
0x00007ff8767f0000 - 0x00007ff87684b000 	C:\WINDOWS\System32\sechost.dll
0x00007ff872f40000 - 0x00007ff872f78000 	C:\WINDOWS\SYSTEM32\IPHLPAPI.DLL
0x00007ff873510000 - 0x00007ff873535000 	C:\WINDOWS\SYSTEM32\bcrypt.dll
0x00000000002f0000 - 0x00000000002f3000 	C:\WINDOWS\SYSTEM32\sfc.dll
0x00007ff84cce0000 - 0x00007ff84ccf3000 	C:\WINDOWS\SYSTEM32\sfc_os.DLL
0x00007ff852d40000 - 0x00007ff852d51000 	C:\WINDOWS\SYSTEM32\SortWindows61.dll
0x00007ff8775d0000 - 0x00007ff8775fd000 	C:\WINDOWS\System32\IMM32.DLL
0x0000000058f70000 - 0x0000000059003000 	C:\WINDOWS\System32\SYSFER.DLL
0x0000000054f30000 - 0x0000000055258000 	C:\ProgramData\Symantec\Symantec Endpoint Protection\14.2.5323.2000.105\Data\Definitions\IPSDefs\20200207.061\IPSEng64.dll
0x00007ff8771e0000 - 0x00007ff877281000 	C:\WINDOWS\System32\ADVAPI32.dll
0x00007ff8771d0000 - 0x00007ff8771d8000 	C:\WINDOWS\System32\PSAPI.DLL
0x00007ff8651a0000 - 0x00007ff865409000 	C:\WINDOWS\WinSxS\amd64_microsoft.windows.common-controls_6595b64144ccf1df_6.0.17134.1246_none_d3ffb9d77c90723d\COMCTL32.dll
0x0000000056de0000 - 0x0000000056eb2000 	C:\Program Files\Java\jre1.8.0_231\bin\msvcr100.dll
0x0000000055590000 - 0x0000000055e36000 	C:\Program Files\Java\jre1.8.0_231\bin\server\jvm.dll
0x00007ff861b90000 - 0x00007ff861b99000 	C:\WINDOWS\SYSTEM32\WSOCK32.dll
0x00007ff877430000 - 0x00007ff87749c000 	C:\WINDOWS\System32\WS2_32.dll
0x00007ff871b10000 - 0x00007ff871b33000 	C:\WINDOWS\SYSTEM32\WINMM.dll
0x00007ff872b40000 - 0x00007ff872b4a000 	C:\WINDOWS\SYSTEM32\VERSION.dll
0x00007ff871ae0000 - 0x00007ff871b0a000 	C:\WINDOWS\SYSTEM32\WINMMBASE.dll
0x00007ff873a70000 - 0x00007ff873ab9000 	C:\WINDOWS\System32\cfgmgr32.dll
0x00007ff871bd0000 - 0x00007ff871bdf000 	C:\Program Files\Java\jre1.8.0_231\bin\verify.dll
0x00007ff8690c0000 - 0x00007ff8690e9000 	C:\Program Files\Java\jre1.8.0_231\bin\java.dll
0x00007ff8703e0000 - 0x00007ff8703f6000 	C:\Program Files\Java\jre1.8.0_231\bin\zip.dll
0x00007ff874bf0000 - 0x00007ff876035000 	C:\WINDOWS\System32\SHELL32.dll
0x00007ff874320000 - 0x00007ff874a30000 	C:\WINDOWS\System32\windows.storage.dll
0x00007ff873a00000 - 0x00007ff873a1f000 	C:\WINDOWS\System32\profapi.dll
0x00007ff873a20000 - 0x00007ff873a6c000 	C:\WINDOWS\System32\powrprof.dll
0x00007ff8739b0000 - 0x00007ff8739ba000 	C:\WINDOWS\System32\FLTLIB.DLL
0x00007ff865080000 - 0x00007ff8650a4000 	C:\Program Files\Java\jre1.8.0_231\bin\sunec.dll
0x00007ff869060000 - 0x00007ff86907a000 	C:\Program Files\Java\jre1.8.0_231\bin\net.dll
0x00007ff8731e0000 - 0x00007ff873246000 	C:\WINDOWS\system32\mswsock.dll
0x00007ff8767d0000 - 0x00007ff8767d8000 	C:\WINDOWS\System32\NSI.dll
0x00007ff86f240000 - 0x00007ff86f256000 	C:\WINDOWS\SYSTEM32\dhcpcsvc6.DLL
0x00007ff86f1a0000 - 0x00007ff86f1ba000 	C:\WINDOWS\SYSTEM32\dhcpcsvc.DLL
0x00007ff8658c0000 - 0x00007ff8658d2000 	C:\Program Files\Java\jre1.8.0_231\bin\nio.dll
0x00007ff8733f0000 - 0x00007ff873407000 	C:\WINDOWS\SYSTEM32\CRYPTSP.dll
0x00007ff872da0000 - 0x00007ff872dd3000 	C:\WINDOWS\system32\rsaenh.dll
0x00007ff8738b0000 - 0x00007ff8738d8000 	C:\WINDOWS\SYSTEM32\USERENV.dll
0x00007ff873340000 - 0x00007ff87334b000 	C:\WINDOWS\SYSTEM32\CRYPTBASE.dll

VM Arguments:
jvm_args: -Dfile.encoding=UTF8 -Dfile.encoding=UTF-8 
java_command: BlogpostsTest
java_class_path (initial): C:\Users\oljohnson\Desktop\Blogtrackersnew\Blogtrackers-v2\target\test-classes;C:\Users\oljohnson\Desktop\Blogtrackersnew\Blogtrackers-v2\target\classes;C:\Users\oljohnson\Desktop\Tomcat Server\lib\annotations-api.jar;C:\Users\oljohnson\Desktop\Tomcat Server\lib\catalina-ant.jar;C:\Users\oljohnson\Desktop\Tomcat Server\lib\catalina-ha.jar;C:\Users\oljohnson\Desktop\Tomcat Server\lib\catalina-tribes.jar;C:\Users\oljohnson\Desktop\Tomcat Server\lib\catalina.jar;C:\Users\oljohnson\Desktop\Tomcat Server\lib\commons-fileupload-1.3.3.jar;C:\Users\oljohnson\Desktop\Tomcat Server\lib\commons-io-2.6.jar;C:\Users\oljohnson\Desktop\Tomcat Server\lib\commons-lang3-3.8.1.jar;C:\Users\oljohnson\Desktop\Tomcat Server\lib\ecj-4.2.2.jar;C:\Users\oljohnson\Desktop\Tomcat Server\lib\el-api.jar;C:\Users\oljohnson\Desktop\Tomcat Server\lib\gson-2.8.5.jar;C:\Users\oljohnson\Desktop\Tomcat Server\lib\jasper-el.jar;C:\Users\oljohnson\Desktop\Tomcat Server\lib\jasper.jar;C:\Users\oljohnson\Desktop\Tomcat Server\lib\javax.json-1.0.jar;C:\Users\oljohnson\Desktop\Tomcat Server\lib\json-lib-2.4-jdk15-javadoc.jar;C:\Users\oljohnson\Desktop\Tomcat Server\lib\json-lib-2.4-jdk15.jar;C:\Users\oljohnson\Desktop\Tomcat Server\lib\jsp-api.jar;C:\Users\oljohnson\Desktop\Tomcat Server\lib\mail-1.4.5.jar;C:\Users\oljohnson\Desktop\Tomcat Server\lib\mysql-connector-java-8.0.11.jar;C:\Users\oljohnson\Desktop\Tomcat Server\lib\servlet-api.jar;C:\Users\oljohnson\Desktop\Tomcat Server\lib\tomcat-api.jar;C:\Users\oljohnson\Desktop\Tomcat Server\lib\tomcat-coyote.jar;C:\Users\oljohnson\Desktop\Tomcat Server\lib\tomcat-dbcp.jar;C:\Users\oljohnson\Desktop\Tomcat Server\lib\tomcat-i18n-es.jar;C:\Users\oljohnson\Desktop\Tomcat Server\lib\tomcat-i18n-fr.jar;C:\Users\oljohnson\Desktop\Tomcat Server\lib\tomcat-i18n-ja.jar;C:\Users\oljohnson\Desktop\Tomcat Server\lib\tomcat-jdbc.jar;C:\Users\oljohnson\Desktop\Tomcat Server\lib\tomcat-util.jar;C:\Users\oljohnson\Desktop\Tomcat Server\lib\tomc
Launcher Type: SUN_STANDARD

Environment Variables:
JAVA_HOME=C:\Program Files\Java\jdk1.8.0_241
JAVA_TOOL_OPTIONS=-Dfile.encoding=UTF8
USERNAME=oljohnson
OS=Windows_NT
PROCESSOR_IDENTIFIER=Intel64 Family 6 Model 158 Stepping 9, GenuineIntel



---------------  S Y S T E M  ---------------

OS: Windows 10.0 , 64 bit Build 17134 (10.0.17134.753)

CPU:total 8 (initial active 8) (4 cores per cpu, 2 threads per core) family 6 model 158 stepping 9, cmov, cx8, fxsr, mmx, sse, sse2, sse3, ssse3, sse4.1, sse4.2, popcnt, avx, avx2, aes, clmul, erms, rtm, 3dnowpref, lzcnt, ht, tsc, tscinvbit, bmi1, bmi2, adx

Memory: 4k page, physical 16637748k(2935152k free), swap 41387528k(10176k free)

vm_info: Java HotSpot(TM) 64-Bit Server VM (25.231-b11) for windows-amd64 JRE (1.8.0_231-b11), built on Oct  5 2019 03:11:30 by "java_re" with MS VC++ 10.0 (VS2010)

time: Fri Feb 07 21:56:25 2020
timezone: Central Standard Time
elapsed time: 3 seconds (0d 0h 0m 3s)

